<?xml version="1.0" encoding="utf-8"?>
<TestRun id="cf2b9ff7-a033-499d-85b1-9d29c7297739" name="Den@DESKTOP-VNIG2LL 2021-06-21 14:09:30" runUser="DESKTOP-VNIG2LL\Den" xmlns="http://microsoft.com/schemas/VisualStudio/TeamTest/2010">
  <Times creation="2021-06-21T14:09:30.0912620+03:00" queuing="2021-06-21T14:09:30.0912628+03:00" start="2021-06-21T14:09:12.9425412+03:00" finish="2021-06-21T14:09:30.0971859+03:00" />
  <TestSettings name="default" id="9f3ab4a2-d5df-4698-8162-bde4634b0f21">
    <Deployment runDeploymentRoot="Den_DESKTOP-VNIG2LL_2021-06-21_14_09_30" />
  </TestSettings>
  <Results>
    <UnitTestResult executionId="4c5c3fe6-8bf8-4e1e-84bd-7a973f254425" testId="e970f26f-45a8-e860-d176-cdc8f8ef0a72" testName="Task13" computerName="DESKTOP-VNIG2LL" duration="00:00:16.3992600" startTime="2021-06-21T14:09:13.5826412+03:00" endTime="2021-06-21T14:09:29.9818246+03:00" testType="13cdc9d9-ddb5-4fa4-a97d-d965ccfc6d4b" outcome="Passed" testListId="8c84fa94-04c1-424b-9868-57a2d4851a1d" relativeResultsDirectory="4c5c3fe6-8bf8-4e1e-84bd-7a973f254425" />
  </Results>
  <TestDefinitions>
    <UnitTest name="Task13" storage="c:\users\den\source\repos\webdriver.task13\webdriver.task13\bin\debug\netcoreapp3.1\webdriver.task13.dll" id="e970f26f-45a8-e860-d176-cdc8f8ef0a72">
      <Execution id="4c5c3fe6-8bf8-4e1e-84bd-7a973f254425" />
      <TestMethod codeBase="C:\Users\Den\source\repos\WebDriver.Task13\WebDriver.Task13\bin\Debug\netcoreapp3.1\WebDriver.Task13.dll" adapterTypeName="executor://nunit3testexecutor/" className="WebDriver.Task13.Tests" name="Task13" />
    </UnitTest>
  </TestDefinitions>
  <TestEntries>
    <TestEntry testId="e970f26f-45a8-e860-d176-cdc8f8ef0a72" executionId="4c5c3fe6-8bf8-4e1e-84bd-7a973f254425" testListId="8c84fa94-04c1-424b-9868-57a2d4851a1d" />
  </TestEntries>
  <TestLists>
    <TestList name="Список результатов" id="8c84fa94-04c1-424b-9868-57a2d4851a1d" />
    <TestList name="Все загруженные результаты" id="19431567-8539-422a-85d7-44ee4e166bda" />
  </TestLists>
  <ResultSummary outcome="Completed">
    <Counters total="1" executed="1" passed="1" failed="0" error="0" timeout="0" aborted="0" inconclusive="0" passedButRunAborted="0" notRunnable="0" notExecuted="0" disconnected="0" warning="0" completed="0" inProgress="0" pending="0" />
    <Output>
      <StdOut>NUnit Adapter 3.17.0.0: Test execution started&#xD;
Running all tests in C:\Users\Den\source\repos\WebDriver.Task13\WebDriver.Task13\bin\Debug\netcoreapp3.1\WebDriver.Task13.dll&#xD;
   NUnit3TestExecutor discovered 1 of 1 NUnit test cases&#xD;
NUnit Adapter 3.17.0.0: Test execution complete&#xD;
</StdOut>
    </Output>
  </ResultSummary>
</TestRun>